
> unifiedtech@1.0.0 build
> next build

   Γû▓ Next.js 15.4.6
   - Experiments (use with caution):
     Γ£ô scrollRestoration

   Creating an optimized production build ...
Failed to compile.

./app/globals.css.webpack[javascript/auto]!=!./node_modules/next/dist/build/webpack/loaders/css-loader/src/index.js??ruleSet[1].rules[13].oneOf[10].use[2]!./node_modules/next/dist/build/webpack/loaders/postcss-loader/src/index.js??ruleSet[1].rules[13].oneOf[10].use[3]!./app/globals.css
Error: Cannot find module '../lightningcss.win32-x64-msvc.node'
Require stack:
- C:\Coding\UnifiedTech\node_modules\lightningcss\node\index.js
- C:\Coding\UnifiedTech\node_modules\@tailwindcss\node\dist\index.js
- C:\Coding\UnifiedTech\node_modules\@tailwindcss\postcss\dist\index.js
- C:\Coding\UnifiedTech\node_modules\next\dist\build\webpack\config\blocks\css\plugins.js
- C:\Coding\UnifiedTech\node_modules\next\dist\build\webpack\config\blocks\css\index.js
- C:\Coding\UnifiedTech\node_modules\next\dist\build\webpack\config\index.js
- C:\Coding\UnifiedTech\node_modules\next\dist\build\webpack-config.js
- C:\Coding\UnifiedTech\node_modules\next\dist\build\webpack\plugins\next-trace-entrypoints-plugin.js
- C:\Coding\UnifiedTech\node_modules\next\dist\build\collect-build-traces.js
- C:\Coding\UnifiedTech\node_modules\next\dist\build\index.js
- C:\Coding\UnifiedTech\node_modules\next\dist\cli\next-build.js
    at Function.<anonymous> (node:internal/modules/cjs/loader:1249:15)
    at C:\Coding\UnifiedTech\node_modules\next\dist\server\require-hook.js:57:36
    at Function._load (node:internal/modules/cjs/loader:1075:27)
    at TracingChannel.traceSync (node:diagnostics_channel:322:14)
    at wrapModuleLoad (node:internal/modules/cjs/loader:219:24)
    at Module.<anonymous> (node:internal/modules/cjs/loader:1340:12)
    at mod.require (C:\Coding\UnifiedTech\node_modules\next\dist\server\require-hook.js:68:28)
    at require (node:internal/modules/helpers:138:16)
    at Object.<anonymous> (C:\Coding\UnifiedTech\node_modules\lightningcss\node\index.js:22:22)
    at Module._compile (node:internal/modules/cjs/loader:1565:14)
    at Object..js (node:internal/modules/cjs/loader:1708:10)
    at Module.load (node:internal/modules/cjs/loader:1318:32)
    at Function._load (node:internal/modules/cjs/loader:1128:12)
    at TracingChannel.traceSync (node:diagnostics_channel:322:14)
    at wrapModuleLoad (node:internal/modules/cjs/loader:219:24)
    at Module.<anonymous> (node:internal/modules/cjs/loader:1340:12)
    at mod.require (C:\Coding\UnifiedTech\node_modules\next\dist\server\require-hook.js:68:28)
    at require (node:internal/modules/helpers:138:16)
    at Object.<anonymous> (C:\Coding\UnifiedTech\node_modules\@tailwindcss\node\dist\index.js:15:188)
    at Module._compile (node:internal/modules/cjs/loader:1565:14)
    at Object..js (node:internal/modules/cjs/loader:1708:10)
    at Module.load (node:internal/modules/cjs/loader:1318:32)
    at Function._load (node:internal/modules/cjs/loader:1128:12)
    at TracingChannel.traceSync (node:diagnostics_channel:322:14)
    at wrapModuleLoad (node:internal/modules/cjs/loader:219:24)
    at Module.<anonymous> (node:internal/modules/cjs/loader:1340:12)
    at mod.require (C:\Coding\UnifiedTech\node_modules\next\dist\server\require-hook.js:68:28)
    at require (node:internal/modules/helpers:138:16)
    at Object.<anonymous> (C:\Coding\UnifiedTech\node_modules\@tailwindcss\postcss\dist\index.js:1:1328)
    at Module._compile (node:internal/modules/cjs/loader:1565:14)
    at Object..js (node:internal/modules/cjs/loader:1708:10)
    at Module.load (node:internal/modules/cjs/loader:1318:32)
    at Function._load (node:internal/modules/cjs/loader:1128:12)
    at TracingChannel.traceSync (node:diagnostics_channel:322:14)
    at wrapModuleLoad (node:internal/modules/cjs/loader:219:24)
    at Module.<anonymous> (node:internal/modules/cjs/loader:1340:12)
    at mod.require (C:\Coding\UnifiedTech\node_modules\next\dist\server\require-hook.js:68:28)
    at require (node:internal/modules/helpers:138:16)
    at C:\Coding\UnifiedTech\node_modules\next\dist\build\webpack\config\blocks\css\plugins.js:64:48
    at plugin (C:\Coding\UnifiedTech\node_modules\next\dist\build\webpack\config\blocks\css\plugins.js:30:44)
    at Processor.normalize (C:\Coding\UnifiedTech\node_modules\next\node_modules\postcss\lib\processor.js:18:13)
    at new Processor (C:\Coding\UnifiedTech\node_modules\next\node_modules\postcss\lib\processor.js:11:25)
    at postcss (C:\Coding\UnifiedTech\node_modules\next\node_modules\postcss\lib\postcss.js:26:10)
    at C:\Coding\UnifiedTech\node_modules\next\dist\build\webpack\config\blocks\css\index.js:128:37
    at async C:\Coding\UnifiedTech\node_modules\next\dist\build\webpack\loaders\postcss-loader\src\index.js:52:40
    at async Span.traceAsyncFn (C:\Coding\UnifiedTech\node_modules\next\dist\trace\trace.js:157:20)

Import trace for requested module:
./app/globals.css.webpack[javascript/auto]!=!./node_modules/next/dist/build/webpack/loaders/css-loader/src/index.js??ruleSet[1].rules[13].oneOf[10].use[2]!./node_modules/next/dist/build/webpack/loaders/postcss-loader/src/index.js??ruleSet[1].rules[13].oneOf[10].use[3]!./app/globals.css
./app/globals.css

./app/globals.css
Error: Cannot find module '../lightningcss.win32-x64-msvc.node'
Require stack:
- C:\Coding\UnifiedTech\node_modules\lightningcss\node\index.js
- C:\Coding\UnifiedTech\node_modules\@tailwindcss\node\dist\index.js
- C:\Coding\UnifiedTech\node_modules\@tailwindcss\postcss\dist\index.js
- C:\Coding\UnifiedTech\node_modules\next\dist\build\webpack\config\blocks\css\plugins.js
- C:\Coding\UnifiedTech\node_modules\next\dist\build\webpack\config\blocks\css\index.js
- C:\Coding\UnifiedTech\node_modules\next\dist\build\webpack\config\index.js
- C:\Coding\UnifiedTech\node_modules\next\dist\build\webpack-config.js
- C:\Coding\UnifiedTech\node_modules\next\dist\build\webpack\plugins\next-trace-entrypoints-plugin.js
- C:\Coding\UnifiedTech\node_modules\next\dist\build\collect-build-traces.js
- C:\Coding\UnifiedTech\node_modules\next\dist\build\index.js
- C:\Coding\UnifiedTech\node_modules\next\dist\cli\next-build.js
    at Function.<anonymous> (node:internal/modules/cjs/loader:1249:15)
    at C:\Coding\UnifiedTech\node_modules\next\dist\server\require-hook.js:57:36
    at Function._load (node:internal/modules/cjs/loader:1075:27)
    at TracingChannel.traceSync (node:diagnostics_channel:322:14)
    at wrapModuleLoad (node:internal/modules/cjs/loader:219:24)
    at Module.<anonymous> (node:internal/modules/cjs/loader:1340:12)
    at mod.require (C:\Coding\UnifiedTech\node_modules\next\dist\server\require-hook.js:68:28)
    at require (node:internal/modules/helpers:138:16)
    at Object.<anonymous> (C:\Coding\UnifiedTech\node_modules\lightningcss\node\index.js:22:22)
    at Module._compile (node:internal/modules/cjs/loader:1565:14)
    at Object..js (node:internal/modules/cjs/loader:1708:10)
    at Module.load (node:internal/modules/cjs/loader:1318:32)
    at Function._load (node:internal/modules/cjs/loader:1128:12)
    at TracingChannel.traceSync (node:diagnostics_channel:322:14)
    at wrapModuleLoad (node:internal/modules/cjs/loader:219:24)
    at Module.<anonymous> (node:internal/modules/cjs/loader:1340:12)
    at mod.require (C:\Coding\UnifiedTech\node_modules\next\dist\server\require-hook.js:68:28)
    at require (node:internal/modules/helpers:138:16)
    at Object.<anonymous> (C:\Coding\UnifiedTech\node_modules\@tailwindcss\node\dist\index.js:15:188)
    at Module._compile (node:internal/modules/cjs/loader:1565:14)
    at Object..js (node:internal/modules/cjs/loader:1708:10)
    at Module.load (node:internal/modules/cjs/loader:1318:32)
    at Function._load (node:internal/modules/cjs/loader:1128:12)
    at TracingChannel.traceSync (node:diagnostics_channel:322:14)
    at wrapModuleLoad (node:internal/modules/cjs/loader:219:24)
    at Module.<anonymous> (node:internal/modules/cjs/loader:1340:12)
    at mod.require (C:\Coding\UnifiedTech\node_modules\next\dist\server\require-hook.js:68:28)
    at require (node:internal/modules/helpers:138:16)
    at Object.<anonymous> (C:\Coding\UnifiedTech\node_modules\@tailwindcss\postcss\dist\index.js:1:1328)
    at Module._compile (node:internal/modules/cjs/loader:1565:14)
    at Object..js (node:internal/modules/cjs/loader:1708:10)
    at Module.load (node:internal/modules/cjs/loader:1318:32)
    at Function._load (node:internal/modules/cjs/loader:1128:12)
    at TracingChannel.traceSync (node:diagnostics_channel:322:14)
    at wrapModuleLoad (node:internal/modules/cjs/loader:219:24)
    at Module.<anonymous> (node:internal/modules/cjs/loader:1340:12)
    at mod.require (C:\Coding\UnifiedTech\node_modules\next\dist\server\require-hook.js:68:28)
    at require (node:internal/modules/helpers:138:16)
    at C:\Coding\UnifiedTech\node_modules\next\dist\build\webpack\config\blocks\css\plugins.js:64:48
    at plugin (C:\Coding\UnifiedTech\node_modules\next\dist\build\webpack\config\blocks\css\plugins.js:30:44)
    at Processor.normalize (C:\Coding\UnifiedTech\node_modules\next\node_modules\postcss\lib\processor.js:18:13)
    at new Processor (C:\Coding\UnifiedTech\node_modules\next\node_modules\postcss\lib\processor.js:11:25)
    at postcss (C:\Coding\UnifiedTech\node_modules\next\node_modules\postcss\lib\postcss.js:26:10)
    at C:\Coding\UnifiedTech\node_modules\next\dist\build\webpack\config\blocks\css\index.js:128:37
    at async C:\Coding\UnifiedTech\node_modules\next\dist\build\webpack\loaders\postcss-loader\src\index.js:52:40
    at async Span.traceAsyncFn (C:\Coding\UnifiedTech\node_modules\next\dist\trace\trace.js:157:20)
    at tryRunOrWebpackError (C:\Coding\UnifiedTech\node_modules\next\dist\compiled\webpack\bundle5.js:29:316119)
    at __webpack_require_module__ (C:\Coding\UnifiedTech\node_modules\next\dist\compiled\webpack\bundle5.js:29:131532)
    at __nested_webpack_require_161494__ (C:\Coding\UnifiedTech\node_modules\next\dist\compiled\webpack\bundle5.js:29:130967)
    at C:\Coding\UnifiedTech\node_modules\next\dist\compiled\webpack\bundle5.js:29:131824
    at symbolIterator (C:\Coding\UnifiedTech\node_modules\next\dist\compiled\neo-async\async.js:1:14444)
    at done (C:\Coding\UnifiedTech\node_modules\next\dist\compiled\neo-async\async.js:1:14824)
    at Hook.eval [as callAsync] (eval at create (C:\Coding\UnifiedTech\node_modules\next\dist\compiled\webpack\bundle5.js:14:9224), <anonymous>:15:1)
    at Hook.CALL_ASYNC_DELEGATE [as _callAsync] (C:\Coding\UnifiedTech\node_modules\next\dist\compiled\webpack\bundle5.js:14:6378)
    at C:\Coding\UnifiedTech\node_modules\next\dist\compiled\webpack\bundle5.js:29:130687
    at symbolIterator (C:\Coding\UnifiedTech\node_modules\next\dist\compiled\neo-async\async.js:1:14402)
    at timesSync (C:\Coding\UnifiedTech\node_modules\next\dist\compiled\neo-async\async.js:1:5027)
    at Object.eachLimit (C:\Coding\UnifiedTech\node_modules\next\dist\compiled\neo-async\async.js:1:14208)
    at C:\Coding\UnifiedTech\node_modules\next\dist\compiled\webpack\bundle5.js:29:130247
    at symbolIterator (C:\Coding\UnifiedTech\node_modules\next\dist\compiled\neo-async\async.js:1:14444)
    at timesSync (C:\Coding\UnifiedTech\node_modules\next\dist\compiled\neo-async\async.js:1:5027)
    at Object.eachLimit (C:\Coding\UnifiedTech\node_modules\next\dist\compiled\neo-async\async.js:1:14208)
    at C:\Coding\UnifiedTech\node_modules\next\dist\compiled\webpack\bundle5.js:29:129985
    at symbolIterator (C:\Coding\UnifiedTech\node_modules\next\dist\compiled\neo-async\async.js:1:14444)
    at done (C:\Coding\UnifiedTech\node_modules\next\dist\compiled\neo-async\async.js:1:14824)
    at C:\Coding\UnifiedTech\node_modules\next\dist\compiled\webpack\bundle5.js:29:129496
    at C:\Coding\UnifiedTech\node_modules\next\dist\compiled\webpack\bundle5.js:29:110347
    at C:\Coding\UnifiedTech\node_modules\next\dist\compiled\webpack\bundle5.js:29:16152
    at Array.<anonymous> (C:\Coding\UnifiedTech\node_modules\next\dist\compiled\webpack\bundle5.js:29:551693)
    at C:\Coding\UnifiedTech\node_modules\next\dist\compiled\webpack\bundle5.js:29:16144
    at eval (eval at create (C:\Coding\UnifiedTech\node_modules\next\dist\compiled\webpack\bundle5.js:14:9224), <anonymous>:27:1)
    at process.processTicksAndRejections (node:internal/process/task_queues:105:5)
-- inner error --
Error: Cannot find module '../lightningcss.win32-x64-msvc.node'
Require stack:
- C:\Coding\UnifiedTech\node_modules\lightningcss\node\index.js
- C:\Coding\UnifiedTech\node_modules\@tailwindcss\node\dist\index.js
- C:\Coding\UnifiedTech\node_modules\@tailwindcss\postcss\dist\index.js
- C:\Coding\UnifiedTech\node_modules\next\dist\build\webpack\config\blocks\css\plugins.js
- C:\Coding\UnifiedTech\node_modules\next\dist\build\webpack\config\blocks\css\index.js
- C:\Coding\UnifiedTech\node_modules\next\dist\build\webpack\config\index.js
- C:\Coding\UnifiedTech\node_modules\next\dist\build\webpack-config.js
- C:\Coding\UnifiedTech\node_modules\next\dist\build\webpack\plugins\next-trace-entrypoints-plugin.js
- C:\Coding\UnifiedTech\node_modules\next\dist\build\collect-build-traces.js
- C:\Coding\UnifiedTech\node_modules\next\dist\build\index.js
- C:\Coding\UnifiedTech\node_modules\next\dist\cli\next-build.js
    at Function.<anonymous> (node:internal/modules/cjs/loader:1249:15)
    at C:\Coding\UnifiedTech\node_modules\next\dist\server\require-hook.js:57:36
    at Function._load (node:internal/modules/cjs/loader:1075:27)
    at TracingChannel.traceSync (node:diagnostics_channel:322:14)
    at wrapModuleLoad (node:internal/modules/cjs/loader:219:24)
    at Module.<anonymous> (node:internal/modules/cjs/loader:1340:12)
    at mod.require (C:\Coding\UnifiedTech\node_modules\next\dist\server\require-hook.js:68:28)
    at require (node:internal/modules/helpers:138:16)
    at Object.<anonymous> (C:\Coding\UnifiedTech\node_modules\lightningcss\node\index.js:22:22)
    at Module._compile (node:internal/modules/cjs/loader:1565:14)
    at Object..js (node:internal/modules/cjs/loader:1708:10)
    at Module.load (node:internal/modules/cjs/loader:1318:32)
    at Function._load (node:internal/modules/cjs/loader:1128:12)
    at TracingChannel.traceSync (node:diagnostics_channel:322:14)
    at wrapModuleLoad (node:internal/modules/cjs/loader:219:24)
    at Module.<anonymous> (node:internal/modules/cjs/loader:1340:12)
    at mod.require (C:\Coding\UnifiedTech\node_modules\next\dist\server\require-hook.js:68:28)
    at require (node:internal/modules/helpers:138:16)
    at Object.<anonymous> (C:\Coding\UnifiedTech\node_modules\@tailwindcss\node\dist\index.js:15:188)
    at Module._compile (node:internal/modules/cjs/loader:1565:14)
    at Object..js (node:internal/modules/cjs/loader:1708:10)
    at Module.load (node:internal/modules/cjs/loader:1318:32)
    at Function._load (node:internal/modules/cjs/loader:1128:12)
    at TracingChannel.traceSync (node:diagnostics_channel:322:14)
    at wrapModuleLoad (node:internal/modules/cjs/loader:219:24)
    at Module.<anonymous> (node:internal/modules/cjs/loader:1340:12)
    at mod.require (C:\Coding\UnifiedTech\node_modules\next\dist\server\require-hook.js:68:28)
    at require (node:internal/modules/helpers:138:16)
    at Object.<anonymous> (C:\Coding\UnifiedTech\node_modules\@tailwindcss\postcss\dist\index.js:1:1328)
    at Module._compile (node:internal/modules/cjs/loader:1565:14)
    at Object..js (node:internal/modules/cjs/loader:1708:10)
    at Module.load (node:internal/modules/cjs/loader:1318:32)
    at Function._load (node:internal/modules/cjs/loader:1128:12)
    at TracingChannel.traceSync (node:diagnostics_channel:322:14)
    at wrapModuleLoad (node:internal/modules/cjs/loader:219:24)
    at Module.<anonymous> (node:internal/modules/cjs/loader:1340:12)
    at mod.require (C:\Coding\UnifiedTech\node_modules\next\dist\server\require-hook.js:68:28)
    at require (node:internal/modules/helpers:138:16)
    at C:\Coding\UnifiedTech\node_modules\next\dist\build\webpack\config\blocks\css\plugins.js:64:48
    at plugin (C:\Coding\UnifiedTech\node_modules\next\dist\build\webpack\config\blocks\css\plugins.js:30:44)
    at Processor.normalize (C:\Coding\UnifiedTech\node_modules\next\node_modules\postcss\lib\processor.js:18:13)
    at new Processor (C:\Coding\UnifiedTech\node_modules\next\node_modules\postcss\lib\processor.js:11:25)
    at postcss (C:\Coding\UnifiedTech\node_modules\next\node_modules\postcss\lib\postcss.js:26:10)
    at C:\Coding\UnifiedTech\node_modules\next\dist\build\webpack\config\blocks\css\index.js:128:37
    at async C:\Coding\UnifiedTech\node_modules\next\dist\build\webpack\loaders\postcss-loader\src\index.js:52:40
    at async Span.traceAsyncFn (C:\Coding\UnifiedTech\node_modules\next\dist\trace\trace.js:157:20)
    at Object.<anonymous> (C:\Coding\UnifiedTech\node_modules\next\dist\build\webpack\loaders\css-loader\src\index.js??ruleSet[1].rules[13].oneOf[10].use[2]!C:\Coding\UnifiedTech\node_modules\next\dist\build\webpack\loaders\postcss-loader\src\index.js??ruleSet[1].rules[13].oneOf[10].use[3]!C:\Coding\UnifiedTech\app\globals.css:1:7)
    at C:\Coding\UnifiedTech\node_modules\next\dist\compiled\webpack\bundle5.js:29:962717
    at Hook.eval [as call] (eval at create (C:\Coding\UnifiedTech\node_modules\next\dist\compiled\webpack\bundle5.js:14:9002), <anonymous>:7:1)
    at Hook.CALL_DELEGATE [as _call] (C:\Coding\UnifiedTech\node_modules\next\dist\compiled\webpack\bundle5.js:14:6272)
    at C:\Coding\UnifiedTech\node_modules\next\dist\compiled\webpack\bundle5.js:29:131565
    at tryRunOrWebpackError (C:\Coding\UnifiedTech\node_modules\next\dist\compiled\webpack\bundle5.js:29:316073)
    at __webpack_require_module__ (C:\Coding\UnifiedTech\node_modules\next\dist\compiled\webpack\bundle5.js:29:131532)
    at __nested_webpack_require_161494__ (C:\Coding\UnifiedTech\node_modules\next\dist\compiled\webpack\bundle5.js:29:130967)
    at C:\Coding\UnifiedTech\node_modules\next\dist\compiled\webpack\bundle5.js:29:131824
    at symbolIterator (C:\Coding\UnifiedTech\node_modules\next\dist\compiled\neo-async\async.js:1:14444)
    at done (C:\Coding\UnifiedTech\node_modules\next\dist\compiled\neo-async\async.js:1:14824)
    at Hook.eval [as callAsync] (eval at create (C:\Coding\UnifiedTech\node_modules\next\dist\compiled\webpack\bundle5.js:14:9224), <anonymous>:15:1)
    at Hook.CALL_ASYNC_DELEGATE [as _callAsync] (C:\Coding\UnifiedTech\node_modules\next\dist\compiled\webpack\bundle5.js:14:6378)
    at C:\Coding\UnifiedTech\node_modules\next\dist\compiled\webpack\bundle5.js:29:130687
    at symbolIterator (C:\Coding\UnifiedTech\node_modules\next\dist\compiled\neo-async\async.js:1:14402)
    at timesSync (C:\Coding\UnifiedTech\node_modules\next\dist\compiled\neo-async\async.js:1:5027)
    at Object.eachLimit (C:\Coding\UnifiedTech\node_modules\next\dist\compiled\neo-async\async.js:1:14208)
    at C:\Coding\UnifiedTech\node_modules\next\dist\compiled\webpack\bundle5.js:29:130247
    at symbolIterator (C:\Coding\UnifiedTech\node_modules\next\dist\compiled\neo-async\async.js:1:14444)
    at timesSync (C:\Coding\UnifiedTech\node_modules\next\dist\compiled\neo-async\async.js:1:5027)
    at Object.eachLimit (C:\Coding\UnifiedTech\node_modules\next\dist\compiled\neo-async\async.js:1:14208)
    at C:\Coding\UnifiedTech\node_modules\next\dist\compiled\webpack\bundle5.js:29:129985
    at symbolIterator (C:\Coding\UnifiedTech\node_modules\next\dist\compiled\neo-async\async.js:1:14444)
    at done (C:\Coding\UnifiedTech\node_modules\next\dist\compiled\neo-async\async.js:1:14824)
    at C:\Coding\UnifiedTech\node_modules\next\dist\compiled\webpack\bundle5.js:29:129496
    at C:\Coding\UnifiedTech\node_modules\next\dist\compiled\webpack\bundle5.js:29:110347
    at C:\Coding\UnifiedTech\node_modules\next\dist\compiled\webpack\bundle5.js:29:16152
    at Array.<anonymous> (C:\Coding\UnifiedTech\node_modules\next\dist\compiled\webpack\bundle5.js:29:551693)
    at C:\Coding\UnifiedTech\node_modules\next\dist\compiled\webpack\bundle5.js:29:16144
    at eval (eval at create (C:\Coding\UnifiedTech\node_modules\next\dist\compiled\webpack\bundle5.js:14:9224), <anonymous>:27:1)
    at process.processTicksAndRejections (node:internal/process/task_queues:105:5)

Generated code for C:\Coding\UnifiedTech\node_modules\next\dist\build\webpack\loaders\css-loader\src\index.js??ruleSet[1].rules[13].oneOf[10].use[2]!C:\Coding\UnifiedTech\node_modules\next\dist\build\webpack\loaders\postcss-loader\src\index.js??ruleSet[1].rules[13].oneOf[10].use[3]!C:\Coding\UnifiedTech\app\globals.css

Import trace for requested module:
./app/globals.css


> Build failed because of webpack errors
